TN:
SF:src/modules/accounts/infra/typeorm/entities/User.ts
FN:6,<instance_members_initializer>
FN:33,User
FNF:2
FNH:2
FNDA:1,<instance_members_initializer>
FNDA:1,User
DA:1,1
DA:2,1
DA:3,1
DA:4,1
DA:5,1
DA:6,1
DA:7,1
DA:8,1
DA:9,1
DA:10,1
DA:11,1
DA:12,1
DA:13,1
DA:14,1
DA:15,1
DA:16,1
DA:17,1
DA:18,1
DA:19,1
DA:20,1
DA:21,1
DA:22,1
DA:23,1
DA:24,1
DA:25,1
DA:26,1
DA:27,1
DA:28,1
DA:29,1
DA:30,1
DA:31,1
DA:32,1
DA:33,1
DA:34,1
DA:35,1
DA:36,1
DA:37,1
DA:38,1
DA:39,1
DA:40,1
DA:41,1
DA:42,1
DA:43,1
DA:44,1
DA:45,1
DA:46,1
DA:47,1
LF:47
LH:47
BRDA:6,0,0,1
BRDA:33,1,0,1
BRF:2
BRH:2
end_of_record
TN:
SF:src/modules/accounts/repositories/in-memory/InMemoryUsersRepository.ts
FN:6,<instance_members_initializer>
FN:8,create
FN:14,findByEmail
FN:18,findById
FNF:4
FNH:3
FNDA:3,<instance_members_initializer>
FNDA:1,create
FNDA:4,findByEmail
FNDA:0,findById
DA:1,1
DA:2,1
DA:3,1
DA:4,1
DA:5,1
DA:6,3
DA:7,3
DA:8,3
DA:9,1
DA:10,1
DA:11,1
DA:12,1
DA:13,3
DA:14,3
DA:15,4
DA:16,4
DA:17,4
DA:18,3
DA:19,0
DA:20,0
DA:21,3
DA:22,3
DA:23,3
LF:23
LH:21
BRDA:6,0,0,3
BRDA:8,1,0,1
BRDA:14,2,0,4
BRDA:15,3,0,1
BRF:4
BRH:4
end_of_record
TN:
SF:src/modules/accounts/useCases/authenticateUser/AuthenticateUserUseCase.ts
FN:21,<instance_members_initializer>
FN:23,AuthenticateUserUseCase
FN:27,execute
FNF:3
FNH:3
FNDA:3,<instance_members_initializer>
FNDA:3,AuthenticateUserUseCase
FNDA:2,execute
DA:1,1
DA:2,1
DA:3,1
DA:4,1
DA:5,1
DA:6,1
DA:7,1
DA:8,1
DA:9,1
DA:10,1
DA:11,1
DA:12,1
DA:13,1
DA:14,1
DA:15,1
DA:16,1
DA:17,1
DA:18,1
DA:19,1
DA:20,1
DA:21,3
DA:22,3
DA:23,3
DA:24,3
DA:25,3
DA:26,3
DA:27,3
DA:28,2
DA:29,2
DA:30,1
DA:31,1
DA:32,1
DA:33,1
DA:34,1
DA:35,2
DA:36,0
DA:37,0
DA:38,1
DA:39,1
DA:40,1
DA:41,1
DA:42,1
DA:43,1
DA:44,1
DA:45,1
DA:46,1
DA:47,1
DA:48,1
DA:49,1
DA:50,3
LF:50
LH:48
BRDA:21,0,0,3
BRDA:23,1,0,3
BRDA:27,2,0,2
BRDA:29,3,0,1
BRDA:35,4,0,0
BRDA:38,5,0,1
BRF:6
BRH:5
end_of_record
TN:
SF:src/modules/accounts/useCases/createUser/CreateUserUseCase.ts
FN:10,<instance_members_initializer>
FN:12,CreateUserUseCase
FN:18,execute
FNF:3
FNH:3
FNDA:3,<instance_members_initializer>
FNDA:3,CreateUserUseCase
FNDA:2,execute
DA:1,1
DA:2,1
DA:3,1
DA:4,1
DA:5,1
DA:6,1
DA:7,1
DA:8,1
DA:9,1
DA:10,3
DA:11,3
DA:12,3
DA:13,3
DA:14,3
DA:15,3
DA:16,3
DA:17,3
DA:18,3
DA:19,2
DA:20,2
DA:21,2
DA:22,0
DA:23,0
DA:24,2
DA:25,1
DA:26,1
DA:27,1
DA:28,1
DA:29,1
DA:30,1
DA:31,1
DA:32,3
DA:33,3
LF:33
LH:31
BRDA:10,0,0,3
BRDA:12,1,0,3
BRDA:18,2,0,2
BRDA:21,3,0,0
BRDA:25,4,0,1
BRF:5
BRH:4
end_of_record
TN:
SF:src/modules/cars/infra/typeorm/entities/Car.ts
FN:3,<instance_members_initializer>
FN:14,Car
FNF:2
FNH:2
FNDA:1,<instance_members_initializer>
FNDA:1,Car
DA:1,1
DA:2,1
DA:3,1
DA:4,1
DA:5,1
DA:6,1
DA:7,1
DA:8,1
DA:9,1
DA:10,1
DA:11,1
DA:12,1
DA:13,1
DA:14,1
DA:15,1
DA:16,1
DA:17,1
DA:18,1
DA:19,1
LF:19
LH:19
BRDA:3,0,0,1
BRDA:14,1,0,1
BRF:2
BRH:2
end_of_record
TN:
SF:src/modules/cars/infra/typeorm/entities/Category.ts
FN:6,<instance_members_initializer>
FN:20,Category
FNF:2
FNH:2
FNDA:2,<instance_members_initializer>
FNDA:2,Category
DA:1,1
DA:2,1
DA:3,1
DA:4,1
DA:5,1
DA:6,2
DA:7,2
DA:8,2
DA:9,2
DA:10,2
DA:11,2
DA:12,2
DA:13,2
DA:14,2
DA:15,2
DA:16,2
DA:17,2
DA:18,2
DA:19,2
DA:20,2
DA:21,2
DA:22,2
DA:23,2
DA:24,2
DA:25,2
DA:26,2
LF:26
LH:26
BRDA:6,0,0,2
BRDA:20,1,0,2
BRF:2
BRH:2
end_of_record
TN:
SF:src/modules/cars/repositories/in-memory/InMemoryCarsRepository.ts
FN:7,<instance_members_initializer>
FN:10,create
FNF:2
FNH:2
FNDA:1,<instance_members_initializer>
FNDA:1,create
DA:1,1
DA:2,1
DA:3,1
DA:4,1
DA:5,1
DA:6,1
DA:7,1
DA:8,1
DA:9,1
DA:10,1
DA:11,1
DA:12,1
DA:13,1
DA:14,1
DA:15,1
DA:16,1
DA:17,1
DA:18,1
LF:18
LH:18
BRDA:7,0,0,1
BRDA:10,1,0,1
BRF:2
BRH:2
end_of_record
TN:
SF:src/modules/cars/repositories/in-memory/InMemoryCategoriesRepository.ts
FN:7,<instance_members_initializer>
FN:11,findByName
FN:15,list
FN:18,create
FNF:4
FNH:3
FNDA:2,<instance_members_initializer>
FNDA:4,findByName
FNDA:0,list
FNDA:2,create
DA:1,1
DA:2,1
DA:3,1
DA:4,1
DA:5,1
DA:6,1
DA:7,2
DA:8,2
DA:9,2
DA:10,2
DA:11,2
DA:12,4
DA:13,4
DA:14,4
DA:15,2
DA:16,0
DA:17,0
DA:18,2
DA:19,2
DA:20,2
DA:21,2
DA:22,2
DA:23,2
DA:24,2
DA:25,1
DA:26,1
DA:27,1
LF:27
LH:25
BRDA:7,0,0,2
BRDA:11,1,0,4
BRDA:12,2,0,2
BRDA:18,3,0,2
BRF:4
BRH:4
end_of_record
TN:
SF:src/modules/cars/useCases/createCar/CreateCarUseCase.ts
FN:17,<instance_members_initializer>
FN:19,CreateCarUseCase
FN:24,execute
FNF:3
FNH:3
FNDA:1,<instance_members_initializer>
FNDA:1,CreateCarUseCase
FNDA:1,execute
DA:1,1
DA:2,1
DA:3,1
DA:4,1
DA:5,1
DA:6,1
DA:7,1
DA:8,1
DA:9,1
DA:10,1
DA:11,1
DA:12,1
DA:13,1
DA:14,1
DA:15,1
DA:16,1
DA:17,1
DA:18,1
DA:19,1
DA:20,1
DA:21,1
DA:22,1
DA:23,1
DA:24,1
DA:25,1
DA:26,1
DA:27,1
LF:27
LH:27
BRDA:17,0,0,1
BRDA:19,1,0,1
BRDA:24,2,0,1
BRF:3
BRH:3
end_of_record
TN:
SF:src/modules/cars/useCases/createCategory/CreateCategoryUseCase.ts
FN:13,<instance_members_initializer>
FN:15,CreateCategoryUseCase
FN:19,execute
FNF:3
FNH:3
FNDA:2,<instance_members_initializer>
FNDA:2,CreateCategoryUseCase
FNDA:3,execute
DA:1,1
DA:2,1
DA:3,1
DA:4,1
DA:5,1
DA:6,1
DA:7,1
DA:8,1
DA:9,1
DA:10,1
DA:11,1
DA:12,1
DA:13,2
DA:14,2
DA:15,2
DA:16,2
DA:17,2
DA:18,2
DA:19,2
DA:20,3
DA:21,3
DA:22,3
DA:23,2
DA:24,2
DA:25,1
DA:26,1
DA:27,1
DA:28,3
DA:29,2
DA:30,2
DA:31,1
DA:32,1
LF:32
LH:32
BRDA:13,0,0,2
BRDA:15,1,0,2
BRDA:19,2,0,3
BRDA:22,3,0,2
BRDA:25,4,0,1
BRF:5
BRH:5
end_of_record
TN:
SF:src/shared/errors/AppError.ts
FN:4,<instance_members_initializer>
FN:8,AppError
FNF:2
FNH:2
FNDA:2,<instance_members_initializer>
FNDA:2,AppError
DA:1,1
DA:2,1
DA:3,1
DA:4,2
DA:5,2
DA:6,2
DA:7,2
DA:8,2
DA:9,2
DA:10,2
DA:11,2
DA:12,2
DA:13,2
DA:14,2
DA:15,2
DA:16,2
DA:17,2
LF:17
LH:17
BRDA:4,0,0,2
BRDA:8,1,0,2
BRF:2
BRH:2
end_of_record
